<?xml version="1.0" encoding="UTF-8"?>
<testsuite xmlns:xsi="http://www.w3.org/2001/XMLSchema-instance" xsi:noNamespaceSchemaLocation="https://maven.apache.org/surefire/maven-surefire-plugin/xsd/surefire-test-report-3.0.xsd" version="3.0" name="com.example.kafka_timestamp_processor.AppTest" time="0.022" tests="1" errors="0" skipped="0" failures="0">
  <properties>
    <property name="java.specification.version" value="21"/>
    <property name="sun.jnu.encoding" value="UTF-8"/>
    <property name="java.class.path" value="/home/akshay/eclipse-workspace/kafka-timestamp-processor/target/test-classes:/home/akshay/eclipse-workspace/kafka-timestamp-processor/target/classes:/home/akshay/.m2/repository/junit/junit/3.8.1/junit-3.8.1.jar:/home/akshay/.m2/repository/org/apache/kafka/kafka-clients/3.0.0/kafka-clients-3.0.0.jar:/home/akshay/.m2/repository/com/github/luben/zstd-jni/1.5.0-2/zstd-jni-1.5.0-2.jar:/home/akshay/.m2/repository/org/lz4/lz4-java/1.7.1/lz4-java-1.7.1.jar:/home/akshay/.m2/repository/org/xerial/snappy/snappy-java/1.1.8.1/snappy-java-1.1.8.1.jar:/home/akshay/.m2/repository/org/slf4j/slf4j-api/1.7.30/slf4j-api-1.7.30.jar:/home/akshay/.m2/repository/com/fasterxml/jackson/core/jackson-databind/2.13.0/jackson-databind-2.13.0.jar:/home/akshay/.m2/repository/com/fasterxml/jackson/core/jackson-annotations/2.13.0/jackson-annotations-2.13.0.jar:/home/akshay/.m2/repository/com/fasterxml/jackson/core/jackson-core/2.13.0/jackson-core-2.13.0.jar:"/>
    <property name="java.vm.vendor" value="Eclipse Adoptium"/>
    <property name="sun.arch.data.model" value="64"/>
    <property name="java.vendor.url" value="https://adoptium.net/"/>
    <property name="os.name" value="Linux"/>
    <property name="java.vm.specification.version" value="21"/>
    <property name="sun.java.launcher" value="SUN_STANDARD"/>
    <property name="user.country" value="IN"/>
    <property name="sun.boot.library.path" value="/home/akshay/eclipse/plugins/org.eclipse.justj.openjdk.hotspot.jre.full.linux.x86_64_21.0.3.v20240426-1530/jre/lib"/>
    <property name="sun.java.command" value="/home/akshay/eclipse-workspace/kafka-timestamp-processor/target/surefire/surefirebooter-20240919130740358_3.jar /home/akshay/eclipse-workspace/kafka-timestamp-processor/target/surefire 2024-09-19T13-07-39_992-jvmRun1 surefire-20240919130740358_1tmp surefire_0-20240919130740358_2tmp"/>
    <property name="jdk.debug" value="release"/>
    <property name="surefire.test.class.path" value="/home/akshay/eclipse-workspace/kafka-timestamp-processor/target/test-classes:/home/akshay/eclipse-workspace/kafka-timestamp-processor/target/classes:/home/akshay/.m2/repository/junit/junit/3.8.1/junit-3.8.1.jar:/home/akshay/.m2/repository/org/apache/kafka/kafka-clients/3.0.0/kafka-clients-3.0.0.jar:/home/akshay/.m2/repository/com/github/luben/zstd-jni/1.5.0-2/zstd-jni-1.5.0-2.jar:/home/akshay/.m2/repository/org/lz4/lz4-java/1.7.1/lz4-java-1.7.1.jar:/home/akshay/.m2/repository/org/xerial/snappy/snappy-java/1.1.8.1/snappy-java-1.1.8.1.jar:/home/akshay/.m2/repository/org/slf4j/slf4j-api/1.7.30/slf4j-api-1.7.30.jar:/home/akshay/.m2/repository/com/fasterxml/jackson/core/jackson-databind/2.13.0/jackson-databind-2.13.0.jar:/home/akshay/.m2/repository/com/fasterxml/jackson/core/jackson-annotations/2.13.0/jackson-annotations-2.13.0.jar:/home/akshay/.m2/repository/com/fasterxml/jackson/core/jackson-core/2.13.0/jackson-core-2.13.0.jar:"/>
    <property name="sun.cpu.endian" value="little"/>
    <property name="user.home" value="/home/akshay"/>
    <property name="user.language" value="en"/>
    <property name="java.specification.vendor" value="Oracle Corporation"/>
    <property name="java.version.date" value="2024-04-16"/>
    <property name="java.home" value="/home/akshay/eclipse/plugins/org.eclipse.justj.openjdk.hotspot.jre.full.linux.x86_64_21.0.3.v20240426-1530/jre"/>
    <property name="file.separator" value="/"/>
    <property name="basedir" value="/home/akshay/eclipse-workspace/kafka-timestamp-processor"/>
    <property name="style.color" value="always"/>
    <property name="java.vm.compressedOopsMode" value="Zero based"/>
    <property name="line.separator" value="&#10;"/>
    <property name="java.specification.name" value="Java Platform API Specification"/>
    <property name="java.vm.specification.vendor" value="Oracle Corporation"/>
    <property name="surefire.real.class.path" value="/home/akshay/eclipse-workspace/kafka-timestamp-processor/target/surefire/surefirebooter-20240919130740358_3.jar"/>
    <property name="sun.management.compiler" value="HotSpot 64-Bit Tiered Compilers"/>
    <property name="java.runtime.version" value="21.0.3+9-LTS"/>
    <property name="user.name" value="akshay"/>
    <property name="stdout.encoding" value="UTF-8"/>
    <property name="path.separator" value=":"/>
    <property name="os.version" value="5.15.0-119-generic"/>
    <property name="java.runtime.name" value="OpenJDK Runtime Environment"/>
    <property name="file.encoding" value="UTF-8"/>
    <property name="java.vm.name" value="OpenJDK 64-Bit Server VM"/>
    <property name="java.vendor.version" value="Temurin-21.0.3+9"/>
    <property name="localRepository" value="/home/akshay/.m2/repository"/>
    <property name="java.vendor.url.bug" value="https://github.com/adoptium/adoptium-support/issues"/>
    <property name="java.io.tmpdir" value="/tmp"/>
    <property name="java.version" value="21.0.3"/>
    <property name="user.dir" value="/home/akshay/eclipse-workspace/kafka-timestamp-processor"/>
    <property name="os.arch" value="amd64"/>
    <property name="java.vm.specification.name" value="Java Virtual Machine Specification"/>
    <property name="native.encoding" value="UTF-8"/>
    <property name="java.library.path" value="/usr/java/packages/lib:/usr/lib64:/lib64:/lib:/usr/lib"/>
    <property name="java.vm.info" value="mixed mode"/>
    <property name="stderr.encoding" value="UTF-8"/>
    <property name="java.vendor" value="Eclipse Adoptium"/>
    <property name="java.vm.version" value="21.0.3+9-LTS"/>
    <property name="sun.io.unicode.encoding" value="UnicodeLittle"/>
    <property name="java.class.version" value="65.0"/>
  </properties>
  <testcase name="testApp" classname="com.example.kafka_timestamp_processor.AppTest" time="0.002"/>
</testsuite>